  memory.c
C:\UTCN_SISC\MiniOS_Repository\MiniOS\kernel\memory.c(97,63): warning C4047: 'return': 'QWORD *' differs in levels of indirection from 'QWORD'
C:\UTCN_SISC\MiniOS_Repository\MiniOS\kernel\memory.c(120,64): warning C4047: 'return': 'QWORD *' differs in levels of indirection from 'QWORD'
C:\UTCN_SISC\MiniOS_Repository\MiniOS\kernel\memory.c(151,65): warning C4047: 'return': 'QWORD *' differs in levels of indirection from 'QWORD'
C:\UTCN_SISC\MiniOS_Repository\MiniOS\kernel\memory.c(104,6): warning C4101: 'i': unreferenced local variable
C:\UTCN_SISC\MiniOS_Repository\MiniOS\kernel\memory.c(160,1): warning C4028: formal parameter 1 different from declaration
C:\UTCN_SISC\MiniOS_Repository\MiniOS\kernel\memory.c(163,66): warning C4554: '<<': check operator precedence for possible error; use parentheses to clarify precedence
C:\UTCN_SISC\MiniOS_Repository\MiniOS\kernel\memory.c(193,38): warning C4047: 'return': 'MEM_LIST_ELEM *' differs in levels of indirection from 'MEMORY_MAP **'
C:\UTCN_SISC\MiniOS_Repository\MiniOS\kernel\memory.c(201,8): warning C4013: 'printf' undefined; assuming extern returning int
C:\UTCN_SISC\MiniOS_Repository\MiniOS\kernel\memory.c(250,40): warning C4047: '>=': 'QWORD' differs in levels of indirection from 'BYTE *'
C:\UTCN_SISC\MiniOS_Repository\MiniOS\kernel\memory.c(251,61): warning C4047: '<': 'QWORD' differs in levels of indirection from 'BYTE *'
C:\UTCN_SISC\MiniOS_Repository\MiniOS\kernel\memory.c(279,70): warning C4133: '=': incompatible types - from 'BYTE *' to 'QWORD *'
C:\UTCN_SISC\MiniOS_Repository\MiniOS\kernel\memory.c(281,50): warning C4133: '==': incompatible types - from 'BYTE *' to 'QWORD *'
C:\UTCN_SISC\MiniOS_Repository\MiniOS\kernel\memory.c(282,54): warning C4047: 'function': 'int' differs in levels of indirection from 'BYTE *'
C:\UTCN_SISC\MiniOS_Repository\MiniOS\kernel\memory.c(282,54): warning C4024: 'IsAlligned': different types for formal and actual parameter 1
C:\UTCN_SISC\MiniOS_Repository\MiniOS\kernel\memory.c(290,71): warning C4133: '=': incompatible types - from 'BYTE *' to 'QWORD *'
C:\UTCN_SISC\MiniOS_Repository\MiniOS\kernel\memory.c(302,51): warning C4047: 'function': 'int' differs in levels of indirection from 'BYTE *'
C:\UTCN_SISC\MiniOS_Repository\MiniOS\kernel\memory.c(302,51): warning C4024: 'IsAlligned': different types for formal and actual parameter 1
C:\UTCN_SISC\MiniOS_Repository\MiniOS\kernel\memory.c(347,55): warning C4013: 'roundUp' undefined; assuming extern returning int
C:\UTCN_SISC\MiniOS_Repository\MiniOS\kernel\memory.c(347,90): warning C4133: '=': incompatible types - from 'QWORD *' to 'BYTE *'
C:\UTCN_SISC\MiniOS_Repository\MiniOS\kernel\memory.c(352,42): warning C4133: '=': incompatible types - from 'BYTE *' to 'QWORD *'
C:\UTCN_SISC\MiniOS_Repository\MiniOS\kernel\memory.c(374,48): warning C4133: '=': incompatible types - from 'QWORD *' to 'BYTE *'
C:\UTCN_SISC\MiniOS_Repository\MiniOS\kernel\memory.c(381,44): warning C4133: '=': incompatible types - from 'BYTE *' to 'QWORD *'
C:\UTCN_SISC\MiniOS_Repository\MiniOS\kernel\memory.c(390,91): warning C4133: '=': incompatible types - from 'QWORD *' to 'BYTE *'
C:\UTCN_SISC\MiniOS_Repository\MiniOS\kernel\memory.c(394,43): warning C4133: '=': incompatible types - from 'BYTE *' to 'QWORD *'
C:\UTCN_SISC\MiniOS_Repository\MiniOS\kernel\memory.c(371,1): warning C4133: 'initializing': incompatible types - from 'BYTE *' to 'QWORD *'
C:\UTCN_SISC\MiniOS_Repository\MiniOS\kernel\memory.c(339,17): warning C4101: 'PrevMemMap': unreferenced local variable
C:\UTCN_SISC\MiniOS_Repository\MiniOS\kernel\memory.c(435,33): warning C4047: 'function': 'QWORD' differs in levels of indirection from 'QWORD *'
C:\UTCN_SISC\MiniOS_Repository\MiniOS\kernel\memory.c(435,33): warning C4024: 'AddressInsideBlock': different types for formal and actual parameter 1
C:\UTCN_SISC\MiniOS_Repository\MiniOS\kernel\memory.c(422,17): warning C4101: 'e': unreferenced local variable
C:\UTCN_SISC\MiniOS_Repository\MiniOS\kernel\memory.c(455,14): warning C4013: 'printBinary' undefined; assuming extern returning int
LINK : warning LNK4281: undesirable base address 0x200000 for x64 image; set base address above 4GB for best ASLR optimization
  kernel.vcxproj -> C:\UTCN_SISC\MiniOS_Repository\MiniOS\kernel\x64\Release\kernel.exe
          1 file(s) copied.
